Arguments: 
  /usr/bin/node /usr/share/yarn/bin/yarn.js install

PATH: 
  /usr/local/sbin:/usr/local/bin:/usr/sbin:/usr/bin:/sbin:/bin:/snap/bin

Yarn version: 
  1.22.5

Node version: 
  10.19.0

Platform: 
  linux x64

Trace: 
  SyntaxError: /usr/local/share/.cache/yarn/v6/npm-string-width-4.2.2-dafd4f9559a7585cfba529c6a0a4f73488ebd4c5-integrity/node_modules/string-width/.yarn-metadata.json: Unexpected end of JSON input
      at JSON.parse (<anonymous>)
      at /usr/share/yarn/lib/cli.js:1625:59
      at Generator.next (<anonymous>)
      at step (/usr/share/yarn/lib/cli.js:310:30)
      at /usr/share/yarn/lib/cli.js:321:13

npm manifest: 
  {
    "name": "js_classic_practice",
    "version": "1.0.0",
    "description": "",
    "main": "index.js",
    "scripts": {
      "test": "echo \"Error: no test specified\" && exit 1"
    },
    "author": "",
    "license": "ISC",
    "browserslist": [
      "> 1%",
      "not dead"
    ],
    "devDependencies": {
      "@babel/core": "^7.7.4",
      "@babel/preset-env": "^7.7.4",
      "babel": "^6.23.0",
      "babel-core": "^6.26.3",
      "babel-loader": "^8.0.6",
      "browser-sync": "^2.26.7",
      "core-js": "^3.4.2",
      "gulp": "^4.0.2",
      "webpack": "^4.41.2",
      "webpack-stream": "^5.2.1"
    }
  }

yarn manifest: 
  No manifest

Lockfile: 
  No lockfile
